[2026-06-01T15:53:14.025Z] [SUCCESS]: Connected to MongoDB successfully.
[2026-06-01T15:53:14.031Z] [INFO]: Uploads     → D:\Projects\Goldenyellow_botique\server\uploads
[2026-06-01T15:53:14.031Z] [INFO]: MongoDB URI → mongodb://127.0.0.1:27017/goldenyellow_botique
[2026-06-01T15:53:14.031Z] [INFO]: Running at http://localhost:3001
[2026-06-01T15:53:14.030Z] [INFO]: Golden Yellow MongoDB Admin Server is running
[2026-06-01T15:53:31.965Z] [SUCCESS]: Connected to MongoDB successfully.
[2026-06-01T15:53:31.969Z] [INFO]: MongoDB URI → mongodb://127.0.0.1:27017/goldenyellow_botique
[2026-06-01T15:53:31.970Z] [INFO]: Uploads     → D:\Projects\Goldenyellow_botique\server\uploads
[2026-06-01T15:53:31.969Z] [INFO]: Golden Yellow MongoDB Admin Server is running
[2026-06-01T15:53:31.969Z] [INFO]: Running at http://localhost:3001
[2026-06-01T15:54:11.952Z] [SUCCESS]: Connected to MongoDB successfully.
[2026-06-01T15:54:11.956Z] [INFO]: Golden Yellow MongoDB Admin Server is running
[2026-06-01T15:54:11.957Z] [INFO]: Running at http://localhost:3001
[2026-06-01T15:54:11.957Z] [INFO]: MongoDB URI → mongodb://127.0.0.1:27017/goldenyellow_botique
[2026-06-01T15:54:11.960Z] [INFO]: Uploads     → D:\Projects\Goldenyellow_botique\server\uploads
[2026-06-01T15:55:55.904Z] [SUCCESS]: Connected to MongoDB successfully.
[2026-06-01T15:55:55.908Z] [INFO]: Golden Yellow MongoDB Admin Server is running
[2026-06-01T15:55:55.908Z] [INFO]: Running at http://localhost:3001
[2026-06-01T15:55:55.909Z] [INFO]: Uploads     → D:\Projects\Goldenyellow_botique\server\uploads
[2026-06-01T15:55:55.909Z] [INFO]: MongoDB URI → mongodb://127.0.0.1:27017/goldenyellow_botique
[2026-06-01T15:56:08.262Z] [INFO]: Golden Yellow MongoDB Admin Server is running
[2026-06-01T15:56:08.263Z] [INFO]: Uploads     → D:\Projects\Goldenyellow_botique\server\uploads
[2026-06-01T15:56:08.262Z] [INFO]: Running at http://localhost:3001
[2026-06-01T15:56:08.262Z] [INFO]: MongoDB URI → mongodb://127.0.0.1:27017/goldenyellow_botique
[2026-06-01T15:56:08.258Z] [SUCCESS]: Connected to MongoDB successfully.
[2026-06-01T15:56:25.495Z] [SUCCESS]: Connected to MongoDB successfully.
[2026-06-01T15:56:25.500Z] [INFO]: Golden Yellow MongoDB Admin Server is running
[2026-06-01T15:56:25.502Z] [INFO]: MongoDB URI → mongodb://127.0.0.1:27017/goldenyellow_botique
[2026-06-01T15:56:25.502Z] [INFO]: Running at http://localhost:3001
[2026-06-01T15:56:25.503Z] [INFO]: Uploads     → D:\Projects\Goldenyellow_botique\server\uploads
[2026-06-01T15:56:34.385Z] [SUCCESS]: Connected to MongoDB successfully.
[2026-06-01T15:56:34.389Z] [INFO]: Golden Yellow MongoDB Admin Server is running
[2026-06-01T15:56:34.389Z] [INFO]: Running at http://localhost:3001
[2026-06-01T15:56:34.390Z] [INFO]: Uploads     → D:\Projects\Goldenyellow_botique\server\uploads
[2026-06-01T15:56:34.390Z] [INFO]: MongoDB URI → mongodb://127.0.0.1:27017/goldenyellow_botique
[2026-06-01T15:58:05.442Z] [INFO]: POST /api/admin/login 401 45 - 5.939 ms
[2026-06-01T15:58:06.810Z] [SUCCESS]: Connected to MongoDB successfully.
[2026-06-01T15:58:06.814Z] [INFO]: Golden Yellow MongoDB Admin Server is running
[2026-06-01T15:58:06.815Z] [INFO]: MongoDB URI → mongodb://127.0.0.1:27017/goldenyellow_botique
[2026-06-01T15:58:06.815Z] [INFO]: Uploads     → D:\Projects\Goldenyellow_botique\server\uploads
[2026-06-01T15:58:06.815Z] [INFO]: Running at http://localhost:3001
[2026-06-01T15:58:31.529Z] [SUCCESS]: Connected to MongoDB successfully.
[2026-06-01T15:58:31.533Z] [INFO]: Golden Yellow MongoDB Admin Server is running
[2026-06-01T15:58:31.533Z] [INFO]: Running at http://localhost:3001
[2026-06-01T15:58:31.534Z] [INFO]: Uploads     → D:\Projects\Goldenyellow_botique\server\uploads
[2026-06-01T15:58:31.534Z] [INFO]: MongoDB URI → mongodb://127.0.0.1:27017/goldenyellow_botique
[2026-06-01T15:58:34.188Z] [INFO]: POST /api/admin/login 200 175 - 27.319 ms
[2026-06-01T15:58:34.308Z] [INFO]: GET /api/collections 304 - - 40.626 ms
[2026-06-01T15:58:37.286Z] [INFO]: GET /api/collections 200 2 - 9.724 ms
[2026-06-01T15:58:37.289Z] [INFO]: GET /api/collections 200 2 - 6.882 ms
[2026-06-01T15:58:38.652Z] [INFO]: GET /api/collections 304 - - 6.996 ms
[2026-06-01T15:58:38.660Z] [INFO]: GET /api/collections 304 - - 5.021 ms
[2026-06-01T15:58:38.667Z] [INFO]: GET /api/collections 304 - - 4.673 ms
[2026-06-01T15:58:38.676Z] [INFO]: GET /api/collections 304 - - 4.954 ms
[2026-06-01T15:58:38.751Z] [INFO]: GET /api/products 200 2 - 11.068 ms
[2026-06-01T15:58:38.770Z] [INFO]: GET /api/products 304 - - 12.905 ms
[2026-06-01T15:59:00.138Z] [INFO]: POST /api/upload 200 134 - 62.577 ms
[2026-06-01T15:59:03.629Z] [INFO]: POST /api/collections 201 242 - 111.925 ms
[2026-06-01T15:59:03.691Z] [INFO]: GET /api/collections 200 261 - 33.707 ms
[2026-06-01T15:59:07.316Z] [INFO]: GET /api/collections 200 261 - 22.419 ms
[2026-06-01T15:59:07.321Z] [INFO]: GET /api/collections 200 261 - 24.383 ms
[2026-06-01T15:59:07.338Z] [INFO]: GET /api/collections 200 261 - 39.462 ms
[2026-06-01T15:59:07.343Z] [INFO]: GET /api/collections 200 261 - 41.382 ms
[2026-06-01T15:59:07.378Z] [INFO]: GET /api/products 200 2 - 6.347 ms
[2026-06-01T15:59:07.381Z] [INFO]: GET /api/products 200 2 - 5.203 ms
[2026-06-01T15:59:12.021Z] [INFO]: GET /api/collections/kurthi/products 200 2 - 10.168 ms
[2026-06-01T15:59:18.444Z] [INFO]: POST /api/collections/kurthi/products 201 386 - 32.380 ms
[2026-06-01T15:59:18.510Z] [INFO]: GET /api/collections/kurthi/products 200 388 - 23.973 ms
[2026-06-01T15:59:22.344Z] [INFO]: GET /api/collections 200 261 - 8.899 ms
[2026-06-01T15:59:22.361Z] [INFO]: GET /api/collections 304 - - 12.972 ms
[2026-06-01T15:59:22.374Z] [INFO]: GET /api/collections/kurthi/products 304 - - 17.613 ms
[2026-06-01T15:59:22.389Z] [INFO]: GET /api/collections/kurthi/products 304 - - 12.906 ms
[2026-06-01T15:59:22.465Z] [INFO]: GET /api/collections 304 - - 8.853 ms
[2026-06-01T15:59:22.478Z] [INFO]: GET /api/collections 304 - - 11.421 ms
[2026-06-01T15:59:26.779Z] [INFO]: GET /api/collections 304 - - 9.287 ms
[2026-06-01T15:59:26.795Z] [INFO]: GET /api/collections 304 - - 12.679 ms
[2026-06-01T15:59:26.812Z] [INFO]: GET /api/collections 304 - - 13.927 ms
[2026-06-01T15:59:26.828Z] [INFO]: GET /api/products 200 388 - 7.633 ms
[2026-06-01T15:59:26.831Z] [INFO]: GET /api/collections 304 - - 15.774 ms
[2026-06-01T15:59:26.858Z] [INFO]: GET /api/products 304 - - 7.027 ms
[2026-06-01T15:59:34.098Z] [INFO]: DELETE /api/collections/kurthi/products/kurt-71112494 200 42 - 11.313 ms
[2026-06-01T15:59:34.111Z] [INFO]: GET /api/collections/kurthi/products 200 2 - 6.155 ms
[2026-06-01T15:59:38.501Z] [INFO]: GET /api/collections 200 261 - 7.574 ms
[2026-06-01T15:59:38.512Z] [INFO]: GET /api/collections 304 - - 7.027 ms
[2026-06-01T15:59:38.521Z] [INFO]: GET /api/collections 304 - - 7.014 ms
[2026-06-01T15:59:38.532Z] [INFO]: GET /api/collections 304 - - 8.710 ms
[2026-06-01T15:59:38.722Z] [INFO]: GET /api/products 200 2 - 8.121 ms
[2026-06-01T15:59:38.731Z] [INFO]: GET /api/products 304 - - 6.333 ms
[2026-06-01T15:59:45.690Z] [INFO]: DELETE /api/collections/kurthi 200 73 - 10.482 ms
[2026-06-01T15:59:45.705Z] [INFO]: GET /api/collections 200 2 - 3.348 ms
[2026-06-01T16:00:35.116Z] [INFO]: GET /api/collections 304 - - 3.914 ms
[2026-06-01T16:00:35.122Z] [INFO]: GET /api/collections 304 - - 3.783 ms
[2026-06-01T16:00:44.499Z] [INFO]: GET /api/collections 304 - - 4.625 ms
[2026-06-01T16:00:44.506Z] [INFO]: GET /api/collections 304 - - 4.942 ms
[2026-06-01T16:00:44.511Z] [INFO]: GET /api/collections 304 - - 3.258 ms
[2026-06-01T16:00:44.516Z] [INFO]: GET /api/collections 304 - - 3.429 ms
[2026-06-01T16:00:44.562Z] [INFO]: GET /api/products 304 - - 4.593 ms
[2026-06-01T16:00:44.569Z] [INFO]: GET /api/products 304 - - 3.685 ms
[2026-06-01T16:00:45.351Z] [INFO]: GET /api/collections 304 - - 4.430 ms
[2026-06-01T16:00:45.360Z] [INFO]: GET /api/collections 304 - - 7.344 ms
[2026-06-01T16:00:45.367Z] [INFO]: GET /api/collections 304 - - 4.535 ms
[2026-06-01T16:00:45.374Z] [INFO]: GET /api/collections 304 - - 5.728 ms
[2026-06-01T16:00:45.456Z] [INFO]: GET /api/products 304 - - 3.240 ms
[2026-06-01T16:00:45.461Z] [INFO]: GET /api/products 304 - - 3.198 ms
[2026-06-01T16:00:45.663Z] [INFO]: GET /api/collections 304 - - 8.260 ms
[2026-06-01T16:00:45.677Z] [INFO]: GET /api/collections 304 - - 7.945 ms
[2026-06-01T16:00:45.689Z] [INFO]: GET /api/collections 304 - - 9.226 ms
[2026-06-01T16:00:45.705Z] [INFO]: GET /api/collections 304 - - 13.501 ms
[2026-06-01T16:00:45.711Z] [INFO]: GET /api/products 304 - - 17.839 ms
[2026-06-01T16:00:45.719Z] [INFO]: GET /api/products 304 - - 3.880 ms
[2026-06-01T16:00:47.293Z] [INFO]: GET /api/collections 304 - - 4.964 ms
[2026-06-01T16:00:47.300Z] [INFO]: GET /api/collections 304 - - 4.904 ms
[2026-06-01T16:02:24.290Z] [SUCCESS]: Connected to MongoDB successfully.
[2026-06-01T16:02:24.301Z] [INFO]: Golden Yellow MongoDB Admin Server is running
[2026-06-01T16:02:24.303Z] [INFO]: MongoDB URI → mongodb+srv://nknithish:300440Nk@drivingschool.zepr95d.mongodb.net/goldenyellow
[2026-06-01T16:02:24.302Z] [INFO]: Running at http://localhost:3001
[2026-06-01T16:02:24.303Z] [INFO]: Uploads     → D:\Projects\Goldenyellow_botique\server\uploads
